adb -P 5037 start-server
adb -P 5037 start-server
adb -P 5037 -s emulator-5554 shell 'getprop ro.build.version.sdk'
adb -P 5037 -s emulator-5554 shell 'getprop ro.build.version.release'
adb -P 5037 -s emulator-5554 shell 'settings put global hidden_api_policy_pre_p_apps 1;settings put global hidden_api_policy_p_apps 1;settings put global hidden_api_policy 1'
adb -P 5037 -s emulator-5554 wait-for-device
adb -P 5037 -s emulator-5554 shell 'echo ping'
adb -P 5037 -s emulator-5554 shell 'dumpsys package io.appium.settings'
adb -P 5037 -s emulator-5554 shell 'dumpsys package io.appium.settings'
adb -P 5037 -s emulator-5554 shell 'pgrep --help; echo $?'
adb -P 5037 -s emulator-5554 shell 'pgrep -f \(\[\[:blank:\]\]\|\^\)io\.appium\.settings\(\[\[:blank:\]\]\|\$\)'
adb -P 5037 -s emulator-5554 shell 'pgrep -f \(\[\[:blank:\]\]\|\^\)io\.appium\.settings\(\[\[:blank:\]\]\|\$\)'
adb -P 5037 -s emulator-5554 shell 'am start -n io.appium.settings/.Settings -a android.intent.action.MAIN -c android.intent.category.LAUNCHER'
adb -P 5037 -s emulator-5554 shell 'pgrep -f \(\[\[:blank:\]\]\|\^\)io\.appium\.settings\(\[\[:blank:\]\]\|\$\)'
adb -P 5037 -s emulator-5554 shell 'pgrep -f \(\[\[:blank:\]\]\|\^\)io\.appium\.settings\(\[\[:blank:\]\]\|\$\)'
adb -P 5037 -s emulator-5554 forward tcp:8200 tcp:6790
adb -P 5037 -s emulator-5554 shell 'dumpsys package io.appium.uiautomator2.server'
adb -P 5037 -s emulator-5554 shell 'dumpsys package io.appium.uiautomator2.server'
adb -P 5037 -s emulator-5554 shell 'dumpsys package io.appium.uiautomator2.server.test'
adb -P 5037 -s emulator-5554 shell 'pm list instrumentation'
adb -P 5037 -s emulator-5554 shell 'dumpsys deviceidle whitelist +io.appium.settings ; dumpsys deviceidle whitelist +io.appium.uiautomator2.server ; dumpsys deviceidle whitelist +io.appium.uiautomator2.server.test ;'
adb -P 5037 -s emulator-5554 shell 'dumpsys package canvasm.myo2'
adb -P 5037 -s emulator-5554 help
adb -P 5037 -s emulator-5554 features
adb -P 5037 -s emulator-5554 install /home/host/1/Downloads/Mein_o2_7.24.0-debug_beta.apk
adb -P 5037 -s emulator-5554 shell 'am force-stop io.appium.uiautomator2.server.test'
adb -P 5037 -s emulator-5554 shell 'dumpsys window'
adb -P 5037 -s emulator-5554 shell 'am start -W -n canvasm.myo2/canvasm.myo2.SplashActivity -S -a android.intent.action.MAIN -c android.intent.category.LAUNCHER -f 0x10200000'
adb -P 5037 -s emulator-5554 shell 'am force-stop canvasm.myo2'
adb -P 5037 -s emulator-5554 forward --remove tcp:8200
adb -P 5037 -s emulator-5554 shell 'settings delete global hidden_api_policy_pre_p_apps;settings delete global hidden_api_policy_p_apps;settings delete global hidden_api_policy'
adb -P 5037 start-server
adb -P 5037 start-server
adb -P 5037 -s emulator-5554 shell 'getprop ro.build.version.sdk'
adb -P 5037 -s emulator-5554 shell 'getprop ro.build.version.release'
adb -P 5037 -s emulator-5554 shell 'settings put global hidden_api_policy_pre_p_apps 1;settings put global hidden_api_policy_p_apps 1;settings put global hidden_api_policy 1'
adb -P 5037 -s emulator-5554 wait-for-device
adb -P 5037 -s emulator-5554 shell 'echo ping'
adb -P 5037 -s emulator-5554 shell 'dumpsys package io.appium.settings'
adb -P 5037 -s emulator-5554 shell 'dumpsys package io.appium.settings'
adb -P 5037 -s emulator-5554 shell 'pgrep --help; echo $?'
adb -P 5037 -s emulator-5554 shell 'pgrep -f \(\[\[:blank:\]\]\|\^\)io\.appium\.settings\(\[\[:blank:\]\]\|\$\)'
adb -P 5037 -s emulator-5554 forward tcp:8200 tcp:6790
adb -P 5037 -s emulator-5554 shell 'dumpsys package io.appium.uiautomator2.server'
adb -P 5037 -s emulator-5554 shell 'dumpsys package io.appium.uiautomator2.server'
adb -P 5037 -s emulator-5554 shell 'dumpsys package io.appium.uiautomator2.server.test'
adb -P 5037 -s emulator-5554 shell 'pm list instrumentation'
adb -P 5037 -s emulator-5554 shell 'dumpsys deviceidle whitelist +io.appium.settings ; dumpsys deviceidle whitelist +io.appium.uiautomator2.server ; dumpsys deviceidle whitelist +io.appium.uiautomator2.server.test ;'
adb -P 5037 -s emulator-5554 shell 'dumpsys package canvasm.myo2'
adb -P 5037 -s emulator-5554 shell 'dumpsys package canvasm.myo2'
adb -P 5037 -s emulator-5554 shell 'dumpsys package canvasm.myo2'
adb -P 5037 -s emulator-5554 shell 'am force-stop canvasm.myo2'
adb -P 5037 -s emulator-5554 shell 'pm clear canvasm.myo2'
adb -P 5037 -s emulator-5554 shell 'am force-stop io.appium.uiautomator2.server.test'
adb -P 5037 -s emulator-5554 shell 'dumpsys window'
adb -P 5037 -s emulator-5554 shell 'am start -W -n canvasm.myo2/canvasm.myo2.SplashActivity -S -a android.intent.action.MAIN -c android.intent.category.LAUNCHER -f 0x10200000'
adb -P 5037 -s emulator-5554 shell 'am force-stop canvasm.myo2'
adb -P 5037 -s emulator-5554 forward --remove tcp:8200
adb -P 5037 -s emulator-5554 shell 'settings delete global hidden_api_policy_pre_p_apps;settings delete global hidden_api_policy_p_apps;settings delete global hidden_api_policy'
adb -P 5037 start-server
adb -P 5037 start-server
adb -P 5037 -s emulator-5554 shell 'getprop ro.build.version.sdk'
adb -P 5037 -s emulator-5554 shell 'getprop ro.build.version.release'
adb -P 5037 -s emulator-5554 shell 'settings put global hidden_api_policy_pre_p_apps 1;settings put global hidden_api_policy_p_apps 1;settings put global hidden_api_policy 1'
adb -P 5037 -s emulator-5554 wait-for-device
adb -P 5037 -s emulator-5554 shell 'echo ping'
adb -P 5037 -s emulator-5554 shell 'dumpsys package io.appium.settings'
adb -P 5037 -s emulator-5554 shell 'dumpsys package io.appium.settings'
adb -P 5037 -s emulator-5554 shell 'pgrep --help; echo $?'
adb -P 5037 -s emulator-5554 shell 'pgrep -f \(\[\[:blank:\]\]\|\^\)io\.appium\.settings\(\[\[:blank:\]\]\|\$\)'
adb -P 5037 -s emulator-5554 forward tcp:8200 tcp:6790
adb -P 5037 -s emulator-5554 shell 'dumpsys package io.appium.uiautomator2.server'
adb -P 5037 -s emulator-5554 shell 'dumpsys package io.appium.uiautomator2.server'
adb -P 5037 -s emulator-5554 shell 'dumpsys package io.appium.uiautomator2.server.test'
adb -P 5037 -s emulator-5554 shell 'pm list instrumentation'
adb -P 5037 -s emulator-5554 shell 'dumpsys deviceidle whitelist +io.appium.settings ; dumpsys deviceidle whitelist +io.appium.uiautomator2.server ; dumpsys deviceidle whitelist +io.appium.uiautomator2.server.test ;'
adb -P 5037 -s emulator-5554 shell 'dumpsys package canvasm.myo2'
adb -P 5037 -s emulator-5554 shell 'dumpsys package canvasm.myo2'
adb -P 5037 -s emulator-5554 shell 'dumpsys package canvasm.myo2'
adb -P 5037 -s emulator-5554 shell 'am force-stop canvasm.myo2'
adb -P 5037 -s emulator-5554 shell 'pm clear canvasm.myo2'
adb -P 5037 -s emulator-5554 shell 'am force-stop io.appium.uiautomator2.server.test'
adb -P 5037 -s emulator-5554 shell 'dumpsys window'
adb -P 5037 -s emulator-5554 shell 'am start -W -n canvasm.myo2/canvasm.myo2.SplashActivity -S -a android.intent.action.MAIN -c android.intent.category.LAUNCHER -f 0x10200000'
adb -P 5037 -s emulator-5554 shell 'am force-stop canvasm.myo2'
adb -P 5037 -s emulator-5554 forward --remove tcp:8200
adb -P 5037 -s emulator-5554 shell 'settings delete global hidden_api_policy_pre_p_apps;settings delete global hidden_api_policy_p_apps;settings delete global hidden_api_policy'
adb -P 5037 start-server
adb -P 5037 start-server
adb -P 5037 -s emulator-5554 shell 'getprop ro.build.version.sdk'
adb -P 5037 -s emulator-5554 shell 'getprop ro.build.version.release'
adb -P 5037 -s emulator-5554 shell 'settings put global hidden_api_policy_pre_p_apps 1;settings put global hidden_api_policy_p_apps 1;settings put global hidden_api_policy 1'
adb -P 5037 -s emulator-5554 wait-for-device
adb -P 5037 -s emulator-5554 shell 'echo ping'
adb -P 5037 -s emulator-5554 shell 'dumpsys package io.appium.settings'
adb -P 5037 -s emulator-5554 shell 'dumpsys package io.appium.settings'
adb -P 5037 -s emulator-5554 shell 'pgrep --help; echo $?'
adb -P 5037 -s emulator-5554 shell 'pgrep -f \(\[\[:blank:\]\]\|\^\)io\.appium\.settings\(\[\[:blank:\]\]\|\$\)'
adb -P 5037 -s emulator-5554 forward tcp:8200 tcp:6790
adb -P 5037 -s emulator-5554 shell 'dumpsys package io.appium.uiautomator2.server'
adb -P 5037 -s emulator-5554 shell 'dumpsys package io.appium.uiautomator2.server'
adb -P 5037 -s emulator-5554 shell 'dumpsys package io.appium.uiautomator2.server.test'
adb -P 5037 -s emulator-5554 shell 'pm list instrumentation'
adb -P 5037 -s emulator-5554 shell 'dumpsys deviceidle whitelist +io.appium.settings ; dumpsys deviceidle whitelist +io.appium.uiautomator2.server ; dumpsys deviceidle whitelist +io.appium.uiautomator2.server.test ;'
adb -P 5037 -s emulator-5554 shell 'dumpsys package canvasm.myo2'
adb -P 5037 -s emulator-5554 shell 'dumpsys package canvasm.myo2'
adb -P 5037 -s emulator-5554 shell 'dumpsys package canvasm.myo2'
adb -P 5037 -s emulator-5554 shell 'am force-stop canvasm.myo2'
adb -P 5037 -s emulator-5554 shell 'pm clear canvasm.myo2'
adb -P 5037 -s emulator-5554 shell 'am force-stop io.appium.uiautomator2.server.test'
adb -P 5037 -s emulator-5554 shell 'dumpsys window'
adb -P 5037 -s emulator-5554 shell 'am start -W -n canvasm.myo2/canvasm.myo2.SplashActivity -S -a android.intent.action.MAIN -c android.intent.category.LAUNCHER -f 0x10200000'
adb -P 5037 -s emulator-5554 shell 'dumpsys input_method'
adb -P 5037 -s emulator-5554 shell 'input keyevent 111'
adb -P 5037 -s emulator-5554 shell 'dumpsys input_method'
adb -P 5037 -s emulator-5554 shell 'dumpsys input_method'
adb -P 5037 -s emulator-5554 shell 'am force-stop canvasm.myo2'
adb -P 5037 -s emulator-5554 forward --remove tcp:8200
adb -P 5037 -s emulator-5554 shell 'settings delete global hidden_api_policy_pre_p_apps;settings delete global hidden_api_policy_p_apps;settings delete global hidden_api_policy'
adb -P 5037 start-server
adb -P 5037 start-server
adb -P 5037 -s emulator-5554 shell 'getprop ro.build.version.sdk'
adb -P 5037 -s emulator-5554 shell 'getprop ro.build.version.release'
adb -P 5037 -s emulator-5554 shell 'settings put global hidden_api_policy_pre_p_apps 1;settings put global hidden_api_policy_p_apps 1;settings put global hidden_api_policy 1'
adb -P 5037 -s emulator-5554 wait-for-device
adb -P 5037 -s emulator-5554 shell 'echo ping'
adb -P 5037 -s emulator-5554 shell 'dumpsys package io.appium.settings'
adb -P 5037 -s emulator-5554 shell 'dumpsys package io.appium.settings'
adb -P 5037 -s emulator-5554 shell 'pgrep --help; echo $?'
adb -P 5037 -s emulator-5554 shell 'pgrep -f \(\[\[:blank:\]\]\|\^\)io\.appium\.settings\(\[\[:blank:\]\]\|\$\)'
adb -P 5037 -s emulator-5554 forward tcp:8200 tcp:6790
adb -P 5037 -s emulator-5554 shell 'dumpsys package io.appium.uiautomator2.server'
adb -P 5037 -s emulator-5554 shell 'dumpsys package io.appium.uiautomator2.server'
adb -P 5037 -s emulator-5554 shell 'dumpsys package io.appium.uiautomator2.server.test'
adb -P 5037 -s emulator-5554 shell 'pm list instrumentation'
adb -P 5037 -s emulator-5554 shell 'dumpsys deviceidle whitelist +io.appium.settings ; dumpsys deviceidle whitelist +io.appium.uiautomator2.server ; dumpsys deviceidle whitelist +io.appium.uiautomator2.server.test ;'
adb -P 5037 -s emulator-5554 shell 'dumpsys package canvasm.myo2'
adb -P 5037 -s emulator-5554 shell 'dumpsys package canvasm.myo2'
adb -P 5037 -s emulator-5554 shell 'dumpsys package canvasm.myo2'
adb -P 5037 -s emulator-5554 shell 'am force-stop canvasm.myo2'
adb -P 5037 -s emulator-5554 shell 'pm clear canvasm.myo2'
adb -P 5037 -s emulator-5554 shell 'am force-stop io.appium.uiautomator2.server.test'
adb -P 5037 -s emulator-5554 shell 'dumpsys window'
adb -P 5037 -s emulator-5554 shell 'am start -W -n canvasm.myo2/canvasm.myo2.SplashActivity -S -a android.intent.action.MAIN -c android.intent.category.LAUNCHER -f 0x10200000'
adb -P 5037 -s emulator-5554 shell 'dumpsys input_method'
adb -P 5037 -s emulator-5554 shell 'input keyevent 111'
adb -P 5037 -s emulator-5554 shell 'dumpsys input_method'
adb -P 5037 -s emulator-5554 shell 'dumpsys input_method'
adb -P 5037 -s emulator-5554 shell 'am force-stop canvasm.myo2'
adb -P 5037 -s emulator-5554 forward --remove tcp:8200
adb -P 5037 -s emulator-5554 shell 'settings delete global hidden_api_policy_pre_p_apps;settings delete global hidden_api_policy_p_apps;settings delete global hidden_api_policy'
adb -P 5037 start-server
adb -P 5037 start-server
adb -P 5037 -s emulator-5554 shell 'getprop ro.build.version.sdk'
adb -P 5037 -s emulator-5554 shell 'getprop ro.build.version.release'
adb -P 5037 -s emulator-5554 shell 'settings put global hidden_api_policy_pre_p_apps 1;settings put global hidden_api_policy_p_apps 1;settings put global hidden_api_policy 1'
adb -P 5037 -s emulator-5554 wait-for-device
adb -P 5037 -s emulator-5554 shell 'echo ping'
adb -P 5037 -s emulator-5554 shell 'dumpsys package io.appium.settings'
adb -P 5037 -s emulator-5554 shell 'dumpsys package io.appium.settings'
adb -P 5037 -s emulator-5554 shell 'pgrep --help; echo $?'
adb -P 5037 -s emulator-5554 shell 'pgrep -f \(\[\[:blank:\]\]\|\^\)io\.appium\.settings\(\[\[:blank:\]\]\|\$\)'
adb -P 5037 -s emulator-5554 forward tcp:8200 tcp:6790
adb -P 5037 -s emulator-5554 shell 'dumpsys package io.appium.uiautomator2.server'
adb -P 5037 -s emulator-5554 shell 'dumpsys package io.appium.uiautomator2.server'
adb -P 5037 -s emulator-5554 shell 'dumpsys package io.appium.uiautomator2.server.test'
adb -P 5037 -s emulator-5554 shell 'pm list instrumentation'
adb -P 5037 -s emulator-5554 shell 'dumpsys deviceidle whitelist +io.appium.settings ; dumpsys deviceidle whitelist +io.appium.uiautomator2.server ; dumpsys deviceidle whitelist +io.appium.uiautomator2.server.test ;'
adb -P 5037 -s emulator-5554 shell 'dumpsys package canvasm.myo2'
adb -P 5037 -s emulator-5554 shell 'dumpsys package canvasm.myo2'
adb -P 5037 -s emulator-5554 shell 'dumpsys package canvasm.myo2'
adb -P 5037 -s emulator-5554 shell 'am force-stop canvasm.myo2'
adb -P 5037 -s emulator-5554 shell 'pm clear canvasm.myo2'
adb -P 5037 -s emulator-5554 shell 'am force-stop io.appium.uiautomator2.server.test'
adb -P 5037 -s emulator-5554 shell 'dumpsys window'
adb -P 5037 -s emulator-5554 shell 'am start -W -n canvasm.myo2/canvasm.myo2.SplashActivity -S -a android.intent.action.MAIN -c android.intent.category.LAUNCHER -f 0x10200000'
adb -P 5037 -s emulator-5554 shell 'dumpsys input_method'
adb -P 5037 -s emulator-5554 shell 'input keyevent 111'
adb -P 5037 -s emulator-5554 shell 'dumpsys input_method'
adb -P 5037 -s emulator-5554 shell 'dumpsys input_method'
adb -P 5037 -s emulator-5554 shell 'am force-stop canvasm.myo2'
adb -P 5037 -s emulator-5554 forward --remove tcp:8200
adb -P 5037 -s emulator-5554 shell 'settings delete global hidden_api_policy_pre_p_apps;settings delete global hidden_api_policy_p_apps;settings delete global hidden_api_policy'
adb -P 5037 start-server
adb -P 5037 start-server
adb -P 5037 -s emulator-5554 shell 'getprop ro.build.version.sdk'
adb -P 5037 -s emulator-5554 shell 'getprop ro.build.version.release'
adb -P 5037 -s emulator-5554 shell 'settings put global hidden_api_policy_pre_p_apps 1;settings put global hidden_api_policy_p_apps 1;settings put global hidden_api_policy 1'
adb -P 5037 -s emulator-5554 wait-for-device
adb -P 5037 -s emulator-5554 shell 'echo ping'
adb -P 5037 -s emulator-5554 shell 'dumpsys package io.appium.settings'
adb -P 5037 -s emulator-5554 shell 'dumpsys package io.appium.settings'
adb -P 5037 -s emulator-5554 shell 'pgrep --help; echo $?'
adb -P 5037 -s emulator-5554 shell 'pgrep -f \(\[\[:blank:\]\]\|\^\)io\.appium\.settings\(\[\[:blank:\]\]\|\$\)'
adb -P 5037 -s emulator-5554 forward tcp:8200 tcp:6790
adb -P 5037 -s emulator-5554 shell 'dumpsys package io.appium.uiautomator2.server'
adb -P 5037 -s emulator-5554 shell 'dumpsys package io.appium.uiautomator2.server'
adb -P 5037 -s emulator-5554 shell 'dumpsys package io.appium.uiautomator2.server.test'
adb -P 5037 -s emulator-5554 shell 'pm list instrumentation'
adb -P 5037 -s emulator-5554 shell 'dumpsys deviceidle whitelist +io.appium.settings ; dumpsys deviceidle whitelist +io.appium.uiautomator2.server ; dumpsys deviceidle whitelist +io.appium.uiautomator2.server.test ;'
adb -P 5037 -s emulator-5554 shell 'dumpsys package canvasm.myo2'
adb -P 5037 -s emulator-5554 shell 'dumpsys package canvasm.myo2'
adb -P 5037 -s emulator-5554 shell 'dumpsys package canvasm.myo2'
adb -P 5037 -s emulator-5554 shell 'am force-stop canvasm.myo2'
adb -P 5037 -s emulator-5554 shell 'pm clear canvasm.myo2'
adb -P 5037 -s emulator-5554 shell 'am force-stop io.appium.uiautomator2.server.test'
adb -P 5037 -s emulator-5554 shell 'dumpsys window'
adb -P 5037 -s emulator-5554 shell 'am start -W -n canvasm.myo2/canvasm.myo2.SplashActivity -S -a android.intent.action.MAIN -c android.intent.category.LAUNCHER -f 0x10200000'
adb -P 5037 -s emulator-5554 shell 'dumpsys input_method'
adb -P 5037 -s emulator-5554 shell 'input keyevent 111'
adb -P 5037 -s emulator-5554 shell 'dumpsys input_method'
adb -P 5037 -s emulator-5554 shell 'dumpsys input_method'
adb -P 5037 -s emulator-5554 shell 'am force-stop canvasm.myo2'
adb -P 5037 -s emulator-5554 forward --remove tcp:8200
adb -P 5037 -s emulator-5554 shell 'settings delete global hidden_api_policy_pre_p_apps;settings delete global hidden_api_policy_p_apps;settings delete global hidden_api_policy'
adb -P 5037 start-server
adb -P 5037 start-server
adb -P 5037 -s emulator-5554 shell 'getprop ro.build.version.sdk'
adb -P 5037 -s emulator-5554 shell 'getprop ro.build.version.release'
adb -P 5037 -s emulator-5554 shell 'settings put global hidden_api_policy_pre_p_apps 1;settings put global hidden_api_policy_p_apps 1;settings put global hidden_api_policy 1'
adb -P 5037 -s emulator-5554 wait-for-device
adb -P 5037 -s emulator-5554 shell 'echo ping'
adb -P 5037 -s emulator-5554 shell 'dumpsys package io.appium.settings'
adb -P 5037 -s emulator-5554 shell 'dumpsys package io.appium.settings'
adb -P 5037 -s emulator-5554 shell 'pgrep --help; echo $?'
adb -P 5037 -s emulator-5554 shell 'pgrep -f \(\[\[:blank:\]\]\|\^\)io\.appium\.settings\(\[\[:blank:\]\]\|\$\)'
adb -P 5037 -s emulator-5554 forward tcp:8200 tcp:6790
adb -P 5037 -s emulator-5554 shell 'dumpsys package io.appium.uiautomator2.server'
adb -P 5037 -s emulator-5554 shell 'dumpsys package io.appium.uiautomator2.server'
adb -P 5037 -s emulator-5554 shell 'dumpsys package io.appium.uiautomator2.server.test'
adb -P 5037 -s emulator-5554 shell 'pm list instrumentation'
adb -P 5037 -s emulator-5554 shell 'dumpsys deviceidle whitelist +io.appium.settings ; dumpsys deviceidle whitelist +io.appium.uiautomator2.server ; dumpsys deviceidle whitelist +io.appium.uiautomator2.server.test ;'
adb -P 5037 -s emulator-5554 shell 'dumpsys package canvasm.myo2'
adb -P 5037 -s emulator-5554 shell 'dumpsys package canvasm.myo2'
adb -P 5037 -s emulator-5554 shell 'dumpsys package canvasm.myo2'
adb -P 5037 -s emulator-5554 shell 'am force-stop canvasm.myo2'
adb -P 5037 -s emulator-5554 shell 'pm clear canvasm.myo2'
adb -P 5037 -s emulator-5554 shell 'am force-stop io.appium.uiautomator2.server.test'
adb -P 5037 -s emulator-5554 shell 'dumpsys window'
adb -P 5037 -s emulator-5554 shell 'am start -W -n canvasm.myo2/canvasm.myo2.SplashActivity -S -a android.intent.action.MAIN -c android.intent.category.LAUNCHER -f 0x10200000'
adb -P 5037 -s emulator-5554 shell 'dumpsys input_method'
adb -P 5037 -s emulator-5554 shell 'input keyevent 111'
adb -P 5037 -s emulator-5554 shell 'dumpsys input_method'
adb -P 5037 -s emulator-5554 shell 'dumpsys input_method'
adb -P 5037 -s emulator-5554 shell 'am force-stop canvasm.myo2'
adb -P 5037 -s emulator-5554 forward --remove tcp:8200
adb -P 5037 -s emulator-5554 shell 'settings delete global hidden_api_policy_pre_p_apps;settings delete global hidden_api_policy_p_apps;settings delete global hidden_api_policy'
adb -P 5037 start-server
adb -P 5037 start-server
adb -P 5037 -s emulator-5554 shell 'getprop ro.build.version.sdk'
adb -P 5037 -s emulator-5554 shell 'getprop ro.build.version.release'
adb -P 5037 -s emulator-5554 shell 'settings put global hidden_api_policy_pre_p_apps 1;settings put global hidden_api_policy_p_apps 1;settings put global hidden_api_policy 1'
adb -P 5037 -s emulator-5554 wait-for-device
adb -P 5037 -s emulator-5554 shell 'echo ping'
adb -P 5037 -s emulator-5554 shell 'dumpsys package io.appium.settings'
adb -P 5037 -s emulator-5554 shell 'dumpsys package io.appium.settings'
adb -P 5037 -s emulator-5554 shell 'pgrep --help; echo $?'
adb -P 5037 -s emulator-5554 shell 'pgrep -f \(\[\[:blank:\]\]\|\^\)io\.appium\.settings\(\[\[:blank:\]\]\|\$\)'
adb -P 5037 -s emulator-5554 forward tcp:8200 tcp:6790
adb -P 5037 -s emulator-5554 shell 'dumpsys package io.appium.uiautomator2.server'
adb -P 5037 -s emulator-5554 shell 'dumpsys package io.appium.uiautomator2.server'
adb -P 5037 -s emulator-5554 shell 'dumpsys package io.appium.uiautomator2.server.test'
adb -P 5037 -s emulator-5554 shell 'pm list instrumentation'
adb -P 5037 -s emulator-5554 shell 'dumpsys deviceidle whitelist +io.appium.settings ; dumpsys deviceidle whitelist +io.appium.uiautomator2.server ; dumpsys deviceidle whitelist +io.appium.uiautomator2.server.test ;'
adb -P 5037 -s emulator-5554 shell 'dumpsys package canvasm.myo2'
adb -P 5037 -s emulator-5554 shell 'dumpsys package canvasm.myo2'
adb -P 5037 -s emulator-5554 shell 'dumpsys package canvasm.myo2'
adb -P 5037 -s emulator-5554 shell 'am force-stop canvasm.myo2'
adb -P 5037 -s emulator-5554 shell 'pm clear canvasm.myo2'
adb -P 5037 -s emulator-5554 shell 'am force-stop io.appium.uiautomator2.server.test'
adb -P 5037 -s emulator-5554 shell 'dumpsys window'
adb -P 5037 -s emulator-5554 shell 'am start -W -n canvasm.myo2/canvasm.myo2.SplashActivity -S -a android.intent.action.MAIN -c android.intent.category.LAUNCHER -f 0x10200000'
adb -P 5037 -s emulator-5554 shell 'dumpsys input_method'
adb -P 5037 -s emulator-5554 shell 'input keyevent 111'
adb -P 5037 -s emulator-5554 shell 'dumpsys input_method'
adb -P 5037 -s emulator-5554 shell 'dumpsys input_method'
adb -P 5037 -s emulator-5554 shell 'am force-stop canvasm.myo2'
adb -P 5037 -s emulator-5554 forward --remove tcp:8200
adb -P 5037 -s emulator-5554 shell 'settings delete global hidden_api_policy_pre_p_apps;settings delete global hidden_api_policy_p_apps;settings delete global hidden_api_policy'
adb -P 5037 start-server
adb -P 5037 start-server
adb -P 5037 -s emulator-5554 shell 'getprop ro.build.version.sdk'
adb -P 5037 -s emulator-5554 shell 'getprop ro.build.version.release'
adb -P 5037 -s emulator-5554 shell 'settings put global hidden_api_policy_pre_p_apps 1;settings put global hidden_api_policy_p_apps 1;settings put global hidden_api_policy 1'
adb -P 5037 -s emulator-5554 wait-for-device
adb -P 5037 -s emulator-5554 shell 'echo ping'
adb -P 5037 -s emulator-5554 shell 'dumpsys package io.appium.settings'
adb -P 5037 -s emulator-5554 shell 'dumpsys package io.appium.settings'
adb -P 5037 -s emulator-5554 shell 'pgrep --help; echo $?'
adb -P 5037 -s emulator-5554 shell 'pgrep -f \(\[\[:blank:\]\]\|\^\)io\.appium\.settings\(\[\[:blank:\]\]\|\$\)'
adb -P 5037 -s emulator-5554 forward tcp:8200 tcp:6790
adb -P 5037 -s emulator-5554 shell 'dumpsys package io.appium.uiautomator2.server'
adb -P 5037 -s emulator-5554 shell 'dumpsys package io.appium.uiautomator2.server'
adb -P 5037 -s emulator-5554 shell 'dumpsys package io.appium.uiautomator2.server.test'
adb -P 5037 -s emulator-5554 shell 'pm list instrumentation'
adb -P 5037 -s emulator-5554 shell 'dumpsys deviceidle whitelist +io.appium.settings ; dumpsys deviceidle whitelist +io.appium.uiautomator2.server ; dumpsys deviceidle whitelist +io.appium.uiautomator2.server.test ;'
adb -P 5037 -s emulator-5554 shell 'dumpsys package canvasm.myo2'
adb -P 5037 -s emulator-5554 shell 'dumpsys package canvasm.myo2'
adb -P 5037 -s emulator-5554 shell 'dumpsys package canvasm.myo2'
adb -P 5037 -s emulator-5554 shell 'am force-stop canvasm.myo2'
adb -P 5037 -s emulator-5554 shell 'pm clear canvasm.myo2'
adb -P 5037 -s emulator-5554 shell 'am force-stop io.appium.uiautomator2.server.test'
adb -P 5037 -s emulator-5554 shell 'dumpsys window'
adb -P 5037 -s emulator-5554 shell 'am start -W -n canvasm.myo2/canvasm.myo2.SplashActivity -S -a android.intent.action.MAIN -c android.intent.category.LAUNCHER -f 0x10200000'
adb -P 5037 -s emulator-5554 shell 'dumpsys input_method'
adb -P 5037 -s emulator-5554 shell 'input keyevent 111'
adb -P 5037 -s emulator-5554 shell 'dumpsys input_method'
adb -P 5037 -s emulator-5554 shell 'dumpsys input_method'
adb -P 5037 -s emulator-5554 shell 'am force-stop canvasm.myo2'
adb -P 5037 -s emulator-5554 forward --remove tcp:8200
adb -P 5037 -s emulator-5554 shell 'settings delete global hidden_api_policy_pre_p_apps;settings delete global hidden_api_policy_p_apps;settings delete global hidden_api_policy'
adb -P 5037 start-server
adb -P 5037 start-server
adb -P 5037 -s emulator-5554 shell 'getprop ro.build.version.sdk'
adb -P 5037 -s emulator-5554 shell 'getprop ro.build.version.release'
adb -P 5037 -s emulator-5554 shell 'settings put global hidden_api_policy_pre_p_apps 1;settings put global hidden_api_policy_p_apps 1;settings put global hidden_api_policy 1'
adb -P 5037 -s emulator-5554 wait-for-device
adb -P 5037 -s emulator-5554 shell 'echo ping'
adb -P 5037 -s emulator-5554 shell 'dumpsys package io.appium.settings'
adb -P 5037 -s emulator-5554 shell 'dumpsys package io.appium.settings'
adb -P 5037 -s emulator-5554 shell 'pgrep --help; echo $?'
adb -P 5037 -s emulator-5554 shell 'pgrep -f \(\[\[:blank:\]\]\|\^\)io\.appium\.settings\(\[\[:blank:\]\]\|\$\)'
adb -P 5037 -s emulator-5554 forward tcp:8200 tcp:6790
adb -P 5037 -s emulator-5554 shell 'dumpsys package io.appium.uiautomator2.server'
adb -P 5037 -s emulator-5554 shell 'dumpsys package io.appium.uiautomator2.server'
adb -P 5037 -s emulator-5554 shell 'dumpsys package io.appium.uiautomator2.server.test'
adb -P 5037 -s emulator-5554 shell 'pm list instrumentation'
adb -P 5037 -s emulator-5554 shell 'dumpsys deviceidle whitelist +io.appium.settings ; dumpsys deviceidle whitelist +io.appium.uiautomator2.server ; dumpsys deviceidle whitelist +io.appium.uiautomator2.server.test ;'
adb -P 5037 -s emulator-5554 shell 'dumpsys package canvasm.myo2'
adb -P 5037 -s emulator-5554 shell 'dumpsys package canvasm.myo2'
adb -P 5037 -s emulator-5554 shell 'dumpsys package canvasm.myo2'
adb -P 5037 -s emulator-5554 shell 'am force-stop canvasm.myo2'
adb -P 5037 -s emulator-5554 shell 'pm clear canvasm.myo2'
adb -P 5037 -s emulator-5554 shell 'am force-stop io.appium.uiautomator2.server.test'
adb -P 5037 -s emulator-5554 shell 'dumpsys window'
adb -P 5037 -s emulator-5554 shell 'am start -W -n canvasm.myo2/canvasm.myo2.SplashActivity -S -a android.intent.action.MAIN -c android.intent.category.LAUNCHER -f 0x10200000'
adb -P 5037 -s emulator-5554 shell 'dumpsys input_method'
adb -P 5037 -s emulator-5554 shell 'input keyevent 111'
adb -P 5037 -s emulator-5554 shell 'dumpsys input_method'
adb -P 5037 -s emulator-5554 shell 'dumpsys input_method'
adb -P 5037 -s emulator-5554 shell 'am force-stop canvasm.myo2'
adb -P 5037 -s emulator-5554 forward --remove tcp:8200
adb -P 5037 -s emulator-5554 shell 'settings delete global hidden_api_policy_pre_p_apps;settings delete global hidden_api_policy_p_apps;settings delete global hidden_api_policy'
adb -P 5037 start-server
adb -P 5037 start-server
adb -P 5037 -s emulator-5554 shell 'getprop ro.build.version.sdk'
adb -P 5037 -s emulator-5554 shell 'getprop ro.build.version.release'
adb -P 5037 -s emulator-5554 shell 'settings put global hidden_api_policy_pre_p_apps 1;settings put global hidden_api_policy_p_apps 1;settings put global hidden_api_policy 1'
adb -P 5037 -s emulator-5554 wait-for-device
adb -P 5037 -s emulator-5554 shell 'echo ping'
adb -P 5037 -s emulator-5554 shell 'dumpsys package io.appium.settings'
adb -P 5037 -s emulator-5554 shell 'dumpsys package io.appium.settings'
adb -P 5037 -s emulator-5554 shell 'pgrep --help; echo $?'
adb -P 5037 -s emulator-5554 shell 'pgrep -f \(\[\[:blank:\]\]\|\^\)io\.appium\.settings\(\[\[:blank:\]\]\|\$\)'
adb -P 5037 -s emulator-5554 forward tcp:8200 tcp:6790
adb -P 5037 -s emulator-5554 shell 'dumpsys package io.appium.uiautomator2.server'
adb -P 5037 -s emulator-5554 shell 'dumpsys package io.appium.uiautomator2.server'
adb -P 5037 -s emulator-5554 shell 'dumpsys package io.appium.uiautomator2.server.test'
adb -P 5037 -s emulator-5554 shell 'pm list instrumentation'
adb -P 5037 -s emulator-5554 shell 'dumpsys deviceidle whitelist +io.appium.settings ; dumpsys deviceidle whitelist +io.appium.uiautomator2.server ; dumpsys deviceidle whitelist +io.appium.uiautomator2.server.test ;'
adb -P 5037 -s emulator-5554 shell 'dumpsys package canvasm.myo2'
adb -P 5037 -s emulator-5554 shell 'dumpsys package canvasm.myo2'
adb -P 5037 -s emulator-5554 shell 'dumpsys package canvasm.myo2'
adb -P 5037 -s emulator-5554 shell 'am force-stop canvasm.myo2'
adb -P 5037 -s emulator-5554 shell 'pm clear canvasm.myo2'
adb -P 5037 -s emulator-5554 shell 'am force-stop io.appium.uiautomator2.server.test'
adb -P 5037 -s emulator-5554 shell 'dumpsys window'
adb -P 5037 -s emulator-5554 shell 'am start -W -n canvasm.myo2/canvasm.myo2.SplashActivity -S -a android.intent.action.MAIN -c android.intent.category.LAUNCHER -f 0x10200000'
adb -P 5037 -s emulator-5554 shell 'dumpsys input_method'
adb -P 5037 -s emulator-5554 shell 'input keyevent 111'
adb -P 5037 -s emulator-5554 shell 'dumpsys input_method'
adb -P 5037 -s emulator-5554 shell 'dumpsys input_method'
adb -P 5037 -s emulator-5554 shell 'am force-stop canvasm.myo2'
adb -P 5037 -s emulator-5554 forward --remove tcp:8200
adb -P 5037 -s emulator-5554 shell 'settings delete global hidden_api_policy_pre_p_apps;settings delete global hidden_api_policy_p_apps;settings delete global hidden_api_policy'
